<?xml version="1.0" encoding="UTF-8"?>
<testng-results skipped="0" failed="0" total="1" passed="1">
  <reporter-output>
  </reporter-output>
  <suite name="Default suite" duration-ms="70461" started-at="2021-12-14T09:35:13Z" finished-at="2021-12-14T09:36:23Z">
    <groups>
    </groups>
    <test name="Default test" duration-ms="70461" started-at="2021-12-14T09:35:13Z" finished-at="2021-12-14T09:36:23Z">
      <class name="findhotelavailability.FindHotelAvability">
        <test-method status="PASS" signature="openbrowser()[pri:0, instance:findhotelavailability.FindHotelAvability@71318ec4]" name="openbrowser" is-config="true" duration-ms="3998" started-at="2021-12-14T15:05:13Z" finished-at="2021-12-14T15:05:17Z">
          <reporter-output>
          </reporter-output>
        </test-method> <!-- openbrowser -->
        <test-method status="PASS" signature="hotelavailability()[pri:0, instance:findhotelavailability.FindHotelAvability@71318ec4]" name="hotelavailability" duration-ms="65385" started-at="2021-12-14T15:05:17Z" finished-at="2021-12-14T15:06:22Z">
          <reporter-output>
          </reporter-output>
        </test-method> <!-- hotelavailability -->
        <test-method status="PASS" signature="closebrowser()[pri:0, instance:findhotelavailability.FindHotelAvability@71318ec4]" name="closebrowser" is-config="true" duration-ms="1051" started-at="2021-12-14T15:06:22Z" finished-at="2021-12-14T15:06:23Z">
          <reporter-output>
          </reporter-output>
        </test-method> <!-- closebrowser -->
      </class> <!-- findhotelavailability.FindHotelAvability -->
    </test> <!-- Default test -->
  </suite> <!-- Default suite -->
</testng-results>
